<?xml version="1.0" encoding="UTF-8"?>
<!-- Generated by org.testng.reporters.JUnitXMLReporter -->
<testsuite hostname="Ranjan-PC" name="Test" tests="4" failures="3" timestamp="1 Mar 2017 18:43:36 GMT" time="44.841" errors="0">
  <testcase name="TestVerifyLoginPage" time="10.265" classname="Script.VerifyLoginPage">
    <failure type="java.lang.AssertionError" message="null">
      <![CDATA[java.lang.AssertionError: null
	at Generic.BasePage.verifyTitle(BasePage.java:33)
	at Script.VerifyLoginPage.TestVerifyLoginPage(VerifyLoginPage.java:16)
... Removed 27 stack frames]]>
    </failure>
  </testcase> <!-- TestVerifyLoginPage -->
  <testcase name="testVerifVversion" time="0.253" classname="Script.VerifVversion"/>
  <testcase name="testverifyloginlogout" time="10.811" classname="Script.verifyloginlogout">
    <failure type="java.lang.AssertionError" message="null">
      <![CDATA[java.lang.AssertionError: null
	at Generic.BasePage.verifyTitle(BasePage.java:33)
	at Script.verifyloginlogout.testverifyloginlogout(verifyloginlogout.java:26)
... Removed 27 stack frames]]>
    </failure>
  </testcase> <!-- testverifyloginlogout -->
  <testcase name="testverifyInvalidLogin" time="0.699" classname="Script.verifyInvalidLogin">
    <failure type="org.openqa.selenium.WebDriverException" message="unknown error: Element &amp;lt;a id=&amp;quot;loginButton&amp;quot; class=&amp;quot;initial&amp;quot; href=&amp;quot;javascript:void(0)&amp;quot; onclick=&amp;quot;login(document.forms[0]); return false;&amp;quot;&amp;gt;...&amp;lt;/a&amp;gt; is not clickable at point (658, 432). Other element would receive the click: &amp;lt;div style=&amp;quot;position: relative; display: block; height: auto; width: auto; padding: 35px 10px 11px; margin: 0px; text-align: left; border: 1px solid rgb(178, 178, 178); border-radius: 5px; background: url(&amp;amp;quot;http://gc.kis.scr.kaspersky-labs.com/8EB482CB1B9F-B03A-B41E-09EE-B3984EFA/vk/VkTooltipBanner.png&amp;amp;quot;) 10px 9px no-repeat rgb(255, 255, 255); z-index: 2147483646;&amp;quot;&amp;gt;...&amp;lt;/div&amp;gt;
  (Session info: chrome=56.0.2924.87)
  (Driver info: chromedriver=2.27.440174 (e97a722caafc2d3a8b807ee115bfb307f7d2cfd9),platform=Windows NT 6.1.7601 SP1 x86_64) (WARNING: The server did not provide any stacktrace information)
Command duration or timeout: 433 milliseconds
Build info: version: &amp;apos;3.0.1&amp;apos;, revision: &amp;apos;1969d75&amp;apos;, time: &amp;apos;2016-10-18 09:48:19 -0700&amp;apos;
System info: host: &amp;apos;Ranjan-PC&amp;apos;, ip: &amp;apos;192.168.0.180&amp;apos;, os.name: &amp;apos;Windows 7&amp;apos;, os.arch: &amp;apos;amd64&amp;apos;, os.version: &amp;apos;6.1&amp;apos;, java.version: &amp;apos;1.8.0_45&amp;apos;
Driver info: org.openqa.selenium.chrome.ChromeDriver
Capabilities [{applicationCacheEnabled=false, rotatable=false, mobileEmulationEnabled=false, networkConnectionEnabled=false, chrome={chromedriverVersion=2.27.440174 (e97a722caafc2d3a8b807ee115bfb307f7d2cfd9), userDataDir=C:\Users\Ranjan\AppData\Local\Temp\scoped_dir4424_12046}, takesHeapSnapshot=true, pageLoadStrategy=normal, databaseEnabled=false, handlesAlerts=true, hasTouchScreen=false, version=56.0.2924.87, platform=XP, browserConnectionEnabled=false, nativeEvents=true, acceptSslCerts=true, locationContextEnabled=true, webStorageEnabled=true, browserName=chrome, takesScreenshot=true, javascriptEnabled=true, cssSelectorsEnabled=true, unexpectedAlertBehaviour=}]
Session ID: a402a3fa4f505c64853c81cc5bbeaa83">
      <![CDATA[org.openqa.selenium.WebDriverException: unknown error: Element <a id="loginButton" class="initial" href="javascript:void(0)" onclick="login(document.forms[0]); return false;">...</a> is not clickable at point (658, 432). Other element would receive the click: <div style="position: relative; display: block; height: auto; width: auto; padding: 35px 10px 11px; margin: 0px; text-align: left; border: 1px solid rgb(178, 178, 178); border-radius: 5px; background: url(&quot;http://gc.kis.scr.kaspersky-labs.com/8EB482CB1B9F-B03A-B41E-09EE-B3984EFA/vk/VkTooltipBanner.png&quot;) 10px 9px no-repeat rgb(255, 255, 255); z-index: 2147483646;">...</div>
  (Session info: chrome=56.0.2924.87)
  (Driver info: chromedriver=2.27.440174 (e97a722caafc2d3a8b807ee115bfb307f7d2cfd9),platform=Windows NT 6.1.7601 SP1 x86_64) (WARNING: The server did not provide any stacktrace information)
Command duration or timeout: 433 milliseconds
Build info: version: '3.0.1', revision: '1969d75', time: '2016-10-18 09:48:19 -0700'
System info: host: 'Ranjan-PC', ip: '192.168.0.180', os.name: 'Windows 7', os.arch: 'amd64', os.version: '6.1', java.version: '1.8.0_45'
Driver info: org.openqa.selenium.chrome.ChromeDriver
Capabilities [{applicationCacheEnabled=false, rotatable=false, mobileEmulationEnabled=false, networkConnectionEnabled=false, chrome={chromedriverVersion=2.27.440174 (e97a722caafc2d3a8b807ee115bfb307f7d2cfd9), userDataDir=C:\Users\Ranjan\AppData\Local\Temp\scoped_dir4424_12046}, takesHeapSnapshot=true, pageLoadStrategy=normal, databaseEnabled=false, handlesAlerts=true, hasTouchScreen=false, version=56.0.2924.87, platform=XP, browserConnectionEnabled=false, nativeEvents=true, acceptSslCerts=true, locationContextEnabled=true, webStorageEnabled=true, browserName=chrome, takesScreenshot=true, javascriptEnabled=true, cssSelectorsEnabled=true, unexpectedAlertBehaviour=}]
Session ID: a402a3fa4f505c64853c81cc5bbeaa83
	at org.openqa.selenium.remote.ErrorHandler.createThrowable(ErrorHandler.java:216)
	at org.openqa.selenium.remote.ErrorHandler.throwIfResponseFailed(ErrorHandler.java:168)
	at org.openqa.selenium.remote.RemoteWebDriver.execute(RemoteWebDriver.java:635)
	at org.openqa.selenium.remote.RemoteWebElement.execute(RemoteWebElement.java:274)
	at org.openqa.selenium.remote.RemoteWebElement.click(RemoteWebElement.java:84)
	at org.openqa.selenium.support.pagefactory.internal.LocatingElementHandler.invoke(LocatingElementHandler.java:51)
	at com.sun.proxy.$Proxy7.click(Unknown Source)
	at POM.LoginPage.clickLogin(LoginPage.java:54)
	at Script.verifyInvalidLogin.testverifyInvalidLogin(verifyInvalidLogin.java:25)
... Removed 33 stack frames]]>
    </failure>
  </testcase> <!-- testverifyInvalidLogin -->
</testsuite> <!-- Test -->
